#
# A fatal error has been detected by the Java Runtime Environment:
#
#  SIGSEGV (0xb) at pc=0x00007fc3775ec5f0, pid=5240, tid=0x00007fc35d698700
#
# JRE version: Java(TM) SE Runtime Environment (8.0_92-b14) (build 1.8.0_92-b14)
# Java VM: Java HotSpot(TM) 64-Bit Server VM (25.92-b14 mixed mode linux-amd64 compressed oops)
# Problematic frame:
# V  [libjvm.so+0x8a85f0]  Method::checked_resolve_jmethod_id(_jmethodID*)+0x20
#
# Failed to write core dump. Core dumps have been disabled. To enable core dumping, try "ulimit -c unlimited" before starting Java again
#
# If you would like to submit a bug report, please visit:
#   http://bugreport.java.com/bugreport/crash.jsp
#

---------------  T H R E A D  ---------------

Current thread (0x00007fc3700ce800):  JavaThread "JDWP Transport Listener: dt_socket" daemon [_thread_in_vm, id=5258, stack(0x00007fc35d598000,0x00007fc35d699000)]

siginfo: si_signo: 11 (SIGSEGV), si_code: 128 (SI_KERNEL), si_addr: 0x0000000000000000

Registers:
RAX=0x0000000000000001, RBX=0x00007fc370009b50, RCX=0x00007fc378722320, RDX=0x00007fc377cfe220
RSP=0x00007fc35d697a10, RBP=0x00007fc35d697a20, RSI=0x00007fc3700ce800, RDI=0x656e654774003b6e
R8 =0x0000000000000000, R9 =0x00007fc3300044b0, R10=0x0000000000000010, R11=0x00007fc377eb1790
R12=0x0000000000000017, R13=0x656e654774003b6e, R14=0x00007fc3700ce800, R15=0x00007fc35d697b27
RIP=0x00007fc3775ec5f0, EFLAGS=0x0000000000010202, CSGSFS=0x0000000000000033, ERR=0x0000000000000000
  TRAPNO=0x000000000000000d

Top of Stack: (sp=0x00007fc35d697a10)
0x00007fc35d697a10:   0000000000000074 00007fc370009b50
0x00007fc35d697a20:   00007fc35d697a90 00007fc37747cf8e
0x00007fc35d697a30:   0000000000000073 00007fc35d697a40
0x00007fc35d697a40:   00007fc3700ce800 0000000000000000
0x00007fc35d697a50:   00007fc300000000 0000000000000000
0x00007fc35d697a60:   00007fc35d697a80 00007fc3763fae40
0x00007fc35d697a70:   656e654774003b6e 00007fc35d697b27
0x00007fc35d697a80:   0000000000000007 00007fc35d697b27
0x00007fc35d697a90:   00007fc35d697ac0 00007fc3761e68c2
0x00007fc35d697aa0:   00007fc35d697ac0 656e654774003b6e
0x00007fc35d697ab0:   00007fc35d697b90 0000000000000038
0x00007fc35d697ac0:   00007fc35d697b50 00007fc3761c7aa0
0x00007fc35d697ad0:   00007fc35d697b08 00007fc35d697b00
0x00007fc35d697ae0:   00007fc35d697af8 00007fc35d697b1c
0x00007fc35d697af0:   0000000130002fc0 0000000000000000
0x00007fc35d697b00:   0000000000000000 0000000000000000
0x00007fc35d697b10:   00007fc330004390 000000095d697b90
0x00007fc35d697b20:   0000000000000008 0000000000000002
0x00007fc35d697b30:   000000000000000f 0000000000000002
0x00007fc35d697b40:   00000000000f0200 000000000000000f
0x00007fc35d697b50:   00007fc35d697da0 00007fc3761d29c6
0x00007fc35d697b60:   00001c2800000013 00007fc3770f0200
0x00007fc35d697b70:   00007fc328000ba0 0000000000000000
0x00007fc35d697b80:   00007fc35d697b90 00007fc35d697d20
0x00007fc35d697b90:   00007fc330005c55 00007fc3000001f3
0x00007fc35d697ba0:   00007fc3300069f0 000000000000012c
0x00007fc35d697bb0:   00007fc35d697be0 00007fc3300069f0
0x00007fc35d697bc0:   00007f0000000000 00001c280000001c
0x00007fc35d697bd0:   00007fc300007d80 00007fc35d697be0
0x00007fc35d697be0:   c37f000008000000 0600000078420030
0x00007fc35d697bf0:   00003e74696e693c 0000005629280300
0x00007fc35d697c00:   7f00000100000000 00000070420030c3 

Instructions: (pc=0x00007fc3775ec5f0)
0x00007fc3775ec5d0:   55 48 89 e5 53 48 83 ec 08 48 85 ff 75 12 31 db
0x00007fc3775ec5e0:   48 89 d8 48 83 c4 08 5b c9 c3 66 0f 1f 44 00 00
0x00007fc3775ec5f0:   48 8b 1f 48 85 db 74 e6 48 83 fb 37 74 e0 48 8b
0x00007fc3775ec600:   03 48 89 df ff 50 10 84 c0 0f 1f 80 00 00 00 00 

Register to memory mapping:

RAX=0x0000000000000001 is an unknown value
RBX=0x00007fc370009b50 is an unknown value
RCX=0x00007fc378722320: <offset 0x219320> in /lib/x86_64-linux-gnu/libpthread.so.0 at 0x00007fc378509000
RDX=0x00007fc377cfe220: <offset 0xfba220> in /usr/local/java/jdk1.8.0_92/jre/lib/amd64/server/libjvm.so at 0x00007fc376d44000
RSP=0x00007fc35d697a10 is pointing into the stack for thread: 0x00007fc3700ce800
RBP=0x00007fc35d697a20 is pointing into the stack for thread: 0x00007fc3700ce800
RSI=0x00007fc3700ce800 is a thread
RDI=0x656e654774003b6e is an unknown value
R8 =0x0000000000000000 is an unknown value
R9 =0x00007fc3300044b0 is an unknown value
R10=0x0000000000000010 is an unknown value
R11=0x00007fc377eb1790: <offset 0x187790> in /lib/x86_64-linux-gnu/libc.so.6 at 0x00007fc377d2a000
R12=0x0000000000000017 is an unknown value
R13=0x656e654774003b6e is an unknown value
R14=0x00007fc3700ce800 is a thread
R15=0x00007fc35d697b27 is pointing into the stack for thread: 0x00007fc3700ce800


Stack: [0x00007fc35d598000,0x00007fc35d699000],  sp=0x00007fc35d697a10,  free space=1022k
Native frames: (J=compiled Java code, j=interpreted, Vv=VM code, C=native code)
V  [libjvm.so+0x8a85f0]  Method::checked_resolve_jmethod_id(_jmethodID*)+0x20
V  [libjvm.so+0x738f8e]  jvmti_IsMethodSynthetic+0x2be
C  [libjdwp.so+0x258c2]  isMethodSynthetic+0x42
C  [libjdwp.so+0x6aa0]  methods1+0x1b0
C  [libjdwp.so+0x119c6]  debugLoop_run+0x2b6
C  [libjdwp.so+0x247ff]  attachThread+0x2f
V  [libjvm.so+0x7a5472]  JvmtiAgentThread::call_start_function()+0xc2
V  [libjvm.so+0xa6cc5f]  JavaThread::thread_main_inner()+0xdf
V  [libjvm.so+0xa6cd8c]  JavaThread::run()+0x11c
V  [libjvm.so+0x91fad8]  java_start(Thread*)+0x108
C  [libpthread.so.0+0x8184]  start_thread+0xc4


---------------  P R O C E S S  ---------------

Java Threads: ( => current thread )
  0x00007fc3700dc800 JavaThread "Service Thread" daemon [_thread_blocked, id=5269, stack(0x00007fc35cf92000,0x00007fc35d093000)]
  0x00007fc3700d9000 JavaThread "C1 CompilerThread2" daemon [_thread_blocked, id=5268, stack(0x00007fc35d093000,0x00007fc35d194000)]
  0x00007fc3700d7800 JavaThread "C2 CompilerThread1" daemon [_thread_blocked, id=5267, stack(0x00007fc35d194000,0x00007fc35d295000)]
  0x00007fc3700d4800 JavaThread "C2 CompilerThread0" daemon [_thread_blocked, id=5266, stack(0x00007fc35d295000,0x00007fc35d396000)]
  0x00007fc330001000 JavaThread "JDWP Command Reader" daemon [_thread_in_native, id=5262, stack(0x00007fc35d396000,0x00007fc35d497000)]
  0x00007fc3700d2000 JavaThread "JDWP Event Helper Thread" daemon [_thread_blocked, id=5261, stack(0x00007fc35d497000,0x00007fc35d598000)]
=>0x00007fc3700ce800 JavaThread "JDWP Transport Listener: dt_socket" daemon [_thread_in_vm, id=5258, stack(0x00007fc35d598000,0x00007fc35d699000)]
  0x00007fc3700bf000 JavaThread "Signal Dispatcher" daemon [_thread_blocked, id=5256, stack(0x00007fc35d89d000,0x00007fc35d99e000)]
  0x00007fc37008c800 JavaThread "Finalizer" daemon [_thread_blocked, id=5254, stack(0x00007fc35d99e000,0x00007fc35da9f000)]
  0x00007fc370088000 JavaThread "Reference Handler" daemon [_thread_blocked, id=5253, stack(0x00007fc35da9f000,0x00007fc35dba0000)]
  0x00007fc370012800 JavaThread "main" [_thread_blocked, id=5243, stack(0x00007fc378830000,0x00007fc378931000)]

Other Threads:
  0x00007fc370080800 VMThread [stack: 0x00007fc35dba0000,0x00007fc35dca1000] [id=5252]
  0x00007fc3700df800 WatcherThread [stack: 0x00007fc35ce91000,0x00007fc35cf92000] [id=5270]

VM state:not at safepoint (normal execution)

VM Mutex/Monitor currently owned by a thread: None

Heap:
 PSYoungGen      total 18432K, used 10505K [0x00000000eb600000, 0x00000000eca80000, 0x0000000100000000)
  eden space 15872K, 66% used [0x00000000eb600000,0x00000000ec0425d0,0x00000000ec580000)
  from space 2560K, 0% used [0x00000000ec800000,0x00000000ec800000,0x00000000eca80000)
  to   space 2560K, 0% used [0x00000000ec580000,0x00000000ec580000,0x00000000ec800000)
 ParOldGen       total 42496K, used 0K [0x00000000c2200000, 0x00000000c4b80000, 0x00000000eb600000)
  object space 42496K, 0% used [0x00000000c2200000,0x00000000c2200000,0x00000000c4b80000)
 Metaspace       used 6193K, capacity 6422K, committed 6784K, reserved 1056768K
  class space    used 684K, capacity 779K, committed 896K, reserved 1048576K

Card table byte_map: [0x00007fc374cef000,0x00007fc374edf000] byte_map_base: 0x00007fc3746de000

Marking Bits: (ParMarkBitMap*) 0x00007fc377cfd4c0
 Begin Bits: [0x00007fc35f110000, 0x00007fc360088000)
 End Bits:   [0x00007fc360088000, 0x00007fc361000000)

Polling page: 0x00007fc378946000

CodeCache: size=245760Kb used=2028Kb max_used=2028Kb free=243731Kb
 bounds [0x00007fc361000000, 0x00007fc361270000, 0x00007fc370000000]
 total_blobs=755 nmethods=445 adapters=232
 compilation: enabled

Compilation events (10 events):
Event: 0.718 Thread 0x00007fc3700d9000 nmethod 440 0x00007fc3611f59d0 code [0x00007fc3611f5b60, 0x00007fc3611f5e28]
Event: 0.718 Thread 0x00007fc3700d4800 nmethod 441 0x00007fc3611f4290 code [0x00007fc3611f43c0, 0x00007fc3611f43f8]
Event: 0.720 Thread 0x00007fc3700d9000  442       3       java.lang.invoke.MemberName::getName (25 bytes)
Event: 0.720 Thread 0x00007fc3700d9000 nmethod 442 0x00007fc3611f8e50 code [0x00007fc3611f8fe0, 0x00007fc3611f9408]
Event: 0.720 Thread 0x00007fc3700d9000  443       3       java.lang.invoke.MethodType$ConcurrentWeakInternSet$WeakEntry::equals (49 bytes)
Event: 0.721 Thread 0x00007fc3700d9000 nmethod 443 0x00007fc3611f9510 code [0x00007fc3611f96a0, 0x00007fc3611f9d08]
Event: 0.722 Thread 0x00007fc3700d9000  444       3       java.util.Arrays::equals (78 bytes)
Event: 0.722 Thread 0x00007fc3700d9000 nmethod 444 0x00007fc3611f9e50 code [0x00007fc3611f9fe0, 0x00007fc3611fa4e8]
Event: 0.722 Thread 0x00007fc3700d9000  445       3       java.lang.invoke.MethodType::toMethodDescriptorString (21 bytes)
Event: 0.723 Thread 0x00007fc3700d9000 nmethod 445 0x00007fc3611fa690 code [0x00007fc3611fa8a0, 0x00007fc3611fb3b8]

GC Heap History (0 events):
No events

Deoptimization events (2 events):
Event: 0.306 Thread 0x00007fc370012800 Uncommon trap: reason=unstable_if action=reinterpret pc=0x00007fc36110a064 method=java.lang.String.hashCode()I @ 14
Event: 0.366 Thread 0x00007fc370012800 Uncommon trap: reason=unstable_if action=reinterpret pc=0x00007fc361126ae0 method=java.lang.String.indexOf(II)I @ 49

Internal exceptions (10 events):
Event: 0.558 Thread 0x00007fc370012800 Exception <a 'java/lang/ClassNotFoundException': org/apache/log4j/LayoutCustomizer> (0x00000000ebce7448) thrown at [/HUDSON/workspace/8-2-build-linux-amd64/jdk8u92/6642/hotspot/src/share/vm/classfile/systemDictionary.cpp, line 210]
Event: 0.560 Thread 0x00007fc370012800 Exception <a 'java/lang/ClassNotFoundException': org/apache/log4j/PatternLayoutCustomizer> (0x00000000ebd193d0) thrown at [/HUDSON/workspace/8-2-build-linux-amd64/jdk8u92/6642/hotspot/src/share/vm/classfile/systemDictionary.cpp, line 210]
Event: 0.593 Thread 0x00007fc370012800 Exception <a 'java/lang/ClassNotFoundException': org/apache/log4j/ConsoleAppenderBeanInfo> (0x00000000ebd90cc0) thrown at [/HUDSON/workspace/8-2-build-linux-amd64/jdk8u92/6642/hotspot/src/share/vm/classfile/systemDictionary.cpp, line 210]
Event: 0.594 Thread 0x00007fc370012800 Exception <a 'java/lang/ClassNotFoundException': org/apache/log4j/WriterAppenderBeanInfo> (0x00000000ebdacab8) thrown at [/HUDSON/workspace/8-2-build-linux-amd64/jdk8u92/6642/hotspot/src/share/vm/classfile/systemDictionary.cpp, line 210]
Event: 0.595 Thread 0x00007fc370012800 Exception <a 'java/lang/ClassNotFoundException': org/apache/log4j/AppenderSkeletonBeanInfo> (0x00000000ebdc9a50) thrown at [/HUDSON/workspace/8-2-build-linux-amd64/jdk8u92/6642/hotspot/src/share/vm/classfile/systemDictionary.cpp, line 210]
Event: 0.596 Thread 0x00007fc370012800 Exception <a 'java/lang/ClassNotFoundException': org/apache/log4j/AppenderSkeletonCustomizer> (0x00000000ebde8230) thrown at [/HUDSON/workspace/8-2-build-linux-amd64/jdk8u92/6642/hotspot/src/share/vm/classfile/systemDictionary.cpp, line 210]
Event: 0.602 Thread 0x00007fc370012800 Exception <a 'java/lang/ClassNotFoundException': org/apache/log4j/WriterAppenderCustomizer> (0x00000000ebe1dd70) thrown at [/HUDSON/workspace/8-2-build-linux-amd64/jdk8u92/6642/hotspot/src/share/vm/classfile/systemDictionary.cpp, line 210]
Event: 0.605 Thread 0x00007fc370012800 Exception <a 'java/lang/ClassNotFoundException': org/apache/log4j/ConsoleAppenderCustomizer> (0x00000000ebe46b90) thrown at [/HUDSON/workspace/8-2-build-linux-amd64/jdk8u92/6642/hotspot/src/share/vm/classfile/systemDictionary.cpp, line 210]
Event: 0.661 Thread 0x00007fc370012800 Exception <a 'java/lang/NoSuchFieldError': method resolution failed> (0x00000000ebf599f8) thrown at [/HUDSON/workspace/8-2-build-linux-amd64/jdk8u92/6642/hotspot/src/share/vm/prims/methodHandles.cpp, line 1146]
Event: 0.675 Thread 0x00007fc370012800 Exception <a 'java/lang/NoSuchFieldError': method resolution failed> (0x00000000ebf66d18) thrown at [/HUDSON/workspace/8-2-build-linux-amd64/jdk8u92/6642/hotspot/src/share/vm/prims/methodHandles.cpp, line 1146]

Events (10 events):
Event: 3.924 Executing VM operation: GetOrSetLocal
Event: 3.924 Executing VM operation: GetOrSetLocal done
Event: 4.330 Executing VM operation: EnableBiasedLocking
Event: 4.330 Executing VM operation: EnableBiasedLocking done
Event: 890.881 Executing VM operation: ChangeBreakpoints
Event: 890.881 Executing VM operation: ChangeBreakpoints done
Event: 890.897 Executing VM operation: RedefineClasses
Event: 890.899 Executing VM operation: RedefineClasses done
Event: 1323.291 Executing VM operation: RedefineClasses
Event: 1323.294 Executing VM operation: RedefineClasses done


Dynamic libraries:
00400000-00401000 r-xp 00000000 fc:00 852078                             /usr/local/java/jdk1.8.0_92/bin/java
00600000-00601000 rw-p 00000000 fc:00 852078                             /usr/local/java/jdk1.8.0_92/bin/java
01f47000-01f68000 rw-p 00000000 00:00 0                                  [heap]
c2200000-c4b80000 rw-p 00000000 00:00 0 
c4b80000-eb600000 ---p 00000000 00:00 0 
eb600000-eca80000 rw-p 00000000 00:00 0 
eca80000-100000000 ---p 00000000 00:00 0 
100000000-1000e0000 rw-p 00000000 00:00 0 
1000e0000-140000000 ---p 00000000 00:00 0 
7fc318000000-7fc318021000 rw-p 00000000 00:00 0 
7fc318021000-7fc31c000000 ---p 00000000 00:00 0 
7fc31c000000-7fc31c021000 rw-p 00000000 00:00 0 
7fc31c021000-7fc320000000 ---p 00000000 00:00 0 
7fc320000000-7fc32018b000 rw-p 00000000 00:00 0 
7fc32018b000-7fc324000000 ---p 00000000 00:00 0 
7fc324000000-7fc3241bb000 rw-p 00000000 00:00 0 
7fc3241bb000-7fc328000000 ---p 00000000 00:00 0 
7fc328000000-7fc328021000 rw-p 00000000 00:00 0 
7fc328021000-7fc32c000000 ---p 00000000 00:00 0 
7fc32c000000-7fc32c126000 rw-p 00000000 00:00 0 
7fc32c126000-7fc330000000 ---p 00000000 00:00 0 
7fc330000000-7fc3302a9000 rw-p 00000000 00:00 0 
7fc3302a9000-7fc334000000 ---p 00000000 00:00 0 
7fc334000000-7fc334021000 rw-p 00000000 00:00 0 
7fc334021000-7fc338000000 ---p 00000000 00:00 0 
7fc338000000-7fc338021000 rw-p 00000000 00:00 0 
7fc338021000-7fc33c000000 ---p 00000000 00:00 0 
7fc33c000000-7fc33c021000 rw-p 00000000 00:00 0 
7fc33c021000-7fc340000000 ---p 00000000 00:00 0 
7fc340000000-7fc340021000 rw-p 00000000 00:00 0 
7fc340021000-7fc344000000 ---p 00000000 00:00 0 
7fc344000000-7fc344021000 rw-p 00000000 00:00 0 
7fc344021000-7fc348000000 ---p 00000000 00:00 0 
7fc348000000-7fc348021000 rw-p 00000000 00:00 0 
7fc348021000-7fc34c000000 ---p 00000000 00:00 0 
7fc34c000000-7fc34c021000 rw-p 00000000 00:00 0 
7fc34c021000-7fc350000000 ---p 00000000 00:00 0 
7fc350000000-7fc350021000 rw-p 00000000 00:00 0 
7fc350021000-7fc354000000 ---p 00000000 00:00 0 
7fc358000000-7fc358021000 rw-p 00000000 00:00 0 
7fc358021000-7fc35c000000 ---p 00000000 00:00 0 
7fc35c737000-7fc35c73a000 rw-p 00000000 00:00 0 
7fc35c73a000-7fc35c74e000 r--s 000ec000 08:11 393619                     /home/ubuntu/.m2/repository/org/apache/parquet/parquet-jackson/1.7.0/parquet-jackson-1.7.0.jar
7fc35c74e000-7fc35c755000 r--s 00058000 08:11 393578                     /home/ubuntu/.m2/repository/org/apache/parquet/parquet-format/2.3.0-incubating/parquet-format-2.3.0-incubating.jar
7fc35c755000-7fc35c75a000 r--s 0002f000 08:11 393594                     /home/ubuntu/.m2/repository/org/apache/parquet/parquet-hadoop/1.7.0/parquet-hadoop-1.7.0.jar
7fc35c75a000-7fc35c75c000 r--s 00004000 08:11 393568                     /home/ubuntu/.m2/repository/org/apache/parquet/parquet-generator/1.7.0/parquet-generator-1.7.0.jar
7fc35c75c000-7fc35c762000 r--s 00040000 08:11 393559                     /home/ubuntu/.m2/repository/org/apache/parquet/parquet-encoding/1.7.0/parquet-encoding-1.7.0.jar
7fc35c762000-7fc35c764000 r--s 00004000 08:11 393636                     /home/ubuntu/.m2/repository/org/apache/parquet/parquet-common/1.7.0/parquet-common-1.7.0.jar
7fc35c764000-7fc35c77a000 r--s 000ca000 08:11 393607                     /home/ubuntu/.m2/repository/org/apache/parquet/parquet-column/1.7.0/parquet-column-1.7.0.jar
7fc35c77a000-7fc35c77c000 r--s 00006000 08:11 262946                     /home/ubuntu/.m2/repository/org/codehaus/janino/commons-compiler/2.7.8/commons-compiler-2.7.8.jar
7fc35c77c000-7fc35c785000 r--s 0008d000 08:11 262921                     /home/ubuntu/.m2/repository/org/codehaus/janino/janino/2.7.8/janino-2.7.8.jar
7fc35c785000-7fc35c7eb000 r--s 00487000 08:11 264827                     /home/ubuntu/.m2/repository/org/apache/spark/spark-catalyst_2.10/1.6.0/spark-catalyst_2.10-1.6.0.jar
7fc35c7eb000-7fc35c839000 r--s 00380000 08:11 264679                     /home/ubuntu/.m2/repository/org/apache/spark/spark-sql_2.10/1.6.0/spark-sql_2.10-1.6.0.jar
7fc35c839000-7fc35c83a000 r--s 00000000 08:11 395141                     /home/ubuntu/.m2/repository/org/spark-project/spark/unused/1.0.0/unused-1.0.0.jar
7fc35c83a000-7fc35c83c000 r--s 00013000 08:11 262346                     /home/ubuntu/.m2/repository/net/sf/py4j/py4j/0.9/py4j-0.9.jar
7fc35c83c000-7fc35c83e000 r--s 00015000 08:11 262279                     /home/ubuntu/.m2/repository/net/razorvine/pyrolite/4.9/pyrolite-4.9.jar
7fc35c83e000-7fc35c83f000 r--s 00001000 08:11 395481                     /home/ubuntu/.m2/repository/org/tachyonproject/tachyon-underfs-local/0.8.2/tachyon-underfs-local-0.8.2.jar
7fc35c83f000-7fc35c848000 r--s 00073000 08:11 395613                     /home/ubuntu/.m2/repository/org/tachyonproject/tachyon-underfs-s3/0.8.2/tachyon-underfs-s3-0.8.2.jar
7fc35c848000-7fc35c849000 r--s 00002000 08:11 395583                     /home/ubuntu/.m2/repository/org/tachyonproject/tachyon-underfs-hdfs/0.8.2/tachyon-underfs-hdfs-0.8.2.jar
7fc35c849000-7fc35c84d000 r--s 0002a000 08:11 525705                     /home/ubuntu/.m2/repository/commons-io/commons-io/2.4/commons-io-2.4.jar
7fc35c84d000-7fc35c851000 r--s 0003c000 08:11 262175                     /home/ubuntu/.m2/repository/commons-lang/commons-lang/2.4/commons-lang-2.4.jar
7fc35c851000-7fc35c87b000 r--s 00206000 08:11 395549                     /home/ubuntu/.m2/repository/org/tachyonproject/tachyon-client/0.8.2/tachyon-client-0.8.2.jar
7fc35c87b000-7fc35c87d000 r--s 0000e000 08:11 525580                     /home/ubuntu/.m2/repository/oro/oro/2.0.8/oro-2.0.8.jar
7fc35c87d000-7fc35c893000 r--s 00124000 08:11 263156                     /home/ubuntu/.m2/repository/org/apache/ivy/ivy/2.4.0/ivy-2.4.0.jar
7fc35c893000-7fc35c895000 r--s 00007000 08:11 524656                     /home/ubuntu/.m2/repository/com/thoughtworks/paranamer/paranamer/2.6/paranamer-2.6.jar
7fc35c895000-7fc35c8cb000 r--s 002d9000 08:11 395432                     /home/ubuntu/.m2/repository/org/scala-lang/scala-reflect/2.10.4/scala-reflect-2.10.4.jar
7fc35c8cb000-7fc35c8db000 r--s 00077000 08:11 525261                     /home/ubuntu/.m2/repository/com/fasterxml/jackson/module/jackson-module-scala_2.10/2.4.4/jackson-module-scala_2.10-2.4.4.jar
7fc35c8db000-7fc35c8df000 r--s 00034000 08:11 525159                     /home/ubuntu/.m2/repository/com/fasterxml/jackson/core/jackson-core/2.4.4/jackson-core-2.4.4.jar
7fc35c8df000-7fc35c8f0000 r--s 000f6000 08:11 525109                     /home/ubuntu/.m2/repository/com/fasterxml/jackson/core/jackson-databind/2.4.4/jackson-databind-2.4.4.jar
7fc35c8f0000-7fc35c8f2000 r--s 00004000 08:11 525438                     /home/ubuntu/.m2/repository/io/dropwizard/metrics/metrics-graphite/3.1.2/metrics-graphite-3.1.2.jar
7fc35c8f2000-7fc35c8f3000 r--s 00003000 08:11 525491                     /home/ubuntu/.m2/repository/io/dropwizard/metrics/metrics-json/3.1.2/metrics-json-3.1.2.jar
7fc35c8f3000-7fc35c8f5000 r--s 00008000 08:11 525406                     /home/ubuntu/.m2/repository/io/dropwizard/metrics/metrics-jvm/3.1.2/metrics-jvm-3.1.2.jar
7fc35c8f5000-7fc35c8f9000 r--s 00018000 08:11 525466                     /home/ubuntu/.m2/repository/io/dropwizard/metrics/metrics-core/3.1.2/metrics-core-3.1.2.jar
7fc35c8f9000-7fc35c8fc000 r--s 00028000 08:11 524786                     /home/ubuntu/.m2/repository/com/clearspring/analytics/stream/2.7.0/stream-2.7.0.jar
7fc35c8fc000-7fc35c91e000 r--s 001d4000 08:11 525554                     /home/ubuntu/.m2/repository/io/netty/netty-all/4.0.29.Final/netty-all-4.0.29.Final.jar
7fc35c91e000-7fc35c92c000 r--s 0012a000 08:11 393723                     /home/ubuntu/.m2/repository/org/apache/mesos/mesos/0.21.1/mesos-0.21.1-shaded-protobuf.jar
7fc35c92c000-7fc35c936000 r--s 00066000 08:11 524509                     /home/ubuntu/.m2/repository/com/sun/jersey/jersey-core/1.9/jersey-core-1.9.jar
7fc35c936000-7fc35c937000 r--s 0000a000 08:11 525662                     /home/ubuntu/.m2/repository/asm/asm/3.1/asm-3.1.jar
7fc35c937000-7fc35c949000 r--s 0009d000 08:11 524565                     /home/ubuntu/.m2/repository/com/sun/jersey/jersey-server/1.9/jersey-server-1.9.jar
7fc35c949000-7fc35c96a000 rw-p 00000000 00:00 0 
7fc35c96a000-7fc35ca5d000 r--s 00c8c000 08:11 395374                     /home/ubuntu/.m2/repository/org/scala-lang/scala-compiler/2.10.0/scala-compiler-2.10.0.jar
7fc35ca5d000-7fc35ca70000 r--s 000be000 08:11 395361                     /home/ubuntu/.m2/repository/org/scala-lang/scalap/2.10.0/scalap-2.10.0.jar
7fc35ca70000-7fc35ca72000 r--s 00013000 08:11 395320                     /home/ubuntu/.m2/repository/org/json4s/json4s-ast_2.10/3.2.10/json4s-ast_2.10-3.2.10.jar
7fc35ca72000-7fc35ca7c000 r--s 00085000 08:11 395314                     /home/ubuntu/.m2/repository/org/json4s/json4s-core_2.10/3.2.10/json4s-core_2.10-3.2.10.jar
7fc35ca7c000-7fc35ca7d000 r--s 00009000 08:11 395345                     /home/ubuntu/.m2/repository/org/json4s/json4s-jackson_2.10/3.2.10/json4s-jackson_2.10-3.2.10.jar
7fc35ca7d000-7fc35caef000 r--s 0065b000 08:11 395447                     /home/ubuntu/.m2/repository/org/scala-lang/scala-library/2.10.5/scala-library-2.10.5.jar
7fc35caef000-7fc35caf0000 r--s 00003000 08:11 524728                     /home/ubuntu/.m2/repository/com/typesafe/akka/akka-slf4j_2.10/2.3.11/akka-slf4j_2.10-2.3.11.jar
7fc35caf0000-7fc35caf2000 r--s 0000a000 08:11 395966                     /home/ubuntu/.m2/repository/org/uncommons/maths/uncommons-maths/1.2.2a/uncommons-maths-1.2.2a.jar
7fc35caf2000-7fc35cafa000 r--s 0007b000 08:11 524819                     /home/ubuntu/.m2/repository/com/google/protobuf/protobuf-java/2.5.0/protobuf-java-2.5.0.jar
7fc35cafa000-7fc35cb12000 r--s 00115000 08:11 525504                     /home/ubuntu/.m2/repository/io/netty/netty/3.8.0.Final/netty-3.8.0.Final.jar
7fc35cb12000-7fc35cb16000 r--s 00032000 08:11 524714                     /home/ubuntu/.m2/repository/com/typesafe/config/1.2.1/config-1.2.1.jar
7fc35cb16000-7fc35cb3c000 r--s 00263000 08:11 524753                     /home/ubuntu/.m2/repository/com/typesafe/akka/akka-actor_2.10/2.3.11/akka-actor_2.10-2.3.11.jar
7fc35cb3c000-7fc35cb52000 r--s 00135000 08:11 524745                     /home/ubuntu/.m2/repository/com/typesafe/akka/akka-remote_2.10/2.3.11/akka-remote_2.10-2.3.11.jar
7fc35cb52000-7fc35cb56000 r--s 00030000 08:11 265358                     /home/ubuntu/.m2/repository/commons-net/commons-net/2.2/commons-net-2.2.jar
7fc35cb56000-7fc35cb59000 r--s 0002f000 08:11 396034                     /home/ubuntu/.m2/repository/org/roaringbitmap/RoaringBitmap/0.5.11/RoaringBitmap-0.5.11.jar
7fc35cb59000-7fc35cb5b000 r--s 00038000 08:11 262320                     /home/ubuntu/.m2/repository/net/jpountz/lz4/lz4/1.3.0/lz4-1.3.0.jar
7fc35cb5b000-7fc35cb5e000 r--s 000aa000 08:11 394462                     /home/ubuntu/.m2/repository/org/xerial/snappy/snappy-java/1.1.2/snappy-java-1.1.2.jar
7fc35cb5e000-7fc35cb60000 r--s 00012000 08:11 524688                     /home/ubuntu/.m2/repository/com/ning/compress-lzf/1.0.3/compress-lzf-1.0.3.jar
7fc35cb60000-7fc35cb62000 r--s 00001000 08:11 395821                     /home/ubuntu/.m2/repository/org/slf4j/slf4j-log4j12/1.7.10/slf4j-log4j12-1.7.10.jar
7fc35cb62000-7fc35cb6b000 r--s 0006f000 08:11 265238                     /home/ubuntu/.m2/repository/log4j/log4j/1.2.17/log4j-1.2.17.jar
7fc35cb6b000-7fc35cb6d000 r--s 00003000 08:11 395683                     /home/ubuntu/.m2/repository/org/slf4j/jcl-over-slf4j/1.7.10/jcl-over-slf4j-1.7.10.jar
7fc35cb6d000-7fc35cb6f000 r--s 00000000 08:11 395870                     /home/ubuntu/.m2/repository/org/slf4j/jul-to-slf4j/1.7.10/jul-to-slf4j-1.7.10.jar
7fc35cb6f000-7fc35cb70000 r--s 00007000 08:11 395736                     /home/ubuntu/.m2/repository/org/slf4j/slf4j-api/1.7.10/slf4j-api-1.7.10.jar
7fc35cb70000-7fc35cb73000 r--s 00006000 08:11 524849                     /home/ubuntu/.m2/repository/com/google/code/findbugs/jsr305/1.3.9/jsr305-1.3.9.jar
7fc35cb73000-7fc35cb97000 r--s 001cd000 08:11 263169                     /home/ubuntu/.m2/repository/org/apache/commons/commons-math3/3.4.1/commons-math3-3.4.1.jar
7fc35cb97000-7fc35cb9e000 r--s 0005e000 08:11 263320                     /home/ubuntu/.m2/repository/org/apache/commons/commons-lang3/3.3.2/commons-lang3-3.3.2.jar
7fc35cb9e000-7fc35cba1000 r--s 0002e000 08:11 396212                     /home/ubuntu/.m2/repository/org/eclipse/jetty/orbit/javax.servlet/3.0.0.v201112011016/javax.servlet-3.0.0.v201112011016.jar
7fc35cba1000-7fc35cbca000 r--s 001ee000 08:11 524882                     /home/ubuntu/.m2/repository/com/google/guava/guava/14.0.1/guava-14.0.1.jar
7fc35cbca000-7fc35cbcc000 r--s 00014000 08:11 525685                     /home/ubuntu/.m2/repository/jline/jline/0.9.94/jline-0.9.94.jar
7fc35cbcc000-7fc35cbd8000 r--s 000b3000 08:11 393881                     /home/ubuntu/.m2/repository/org/apache/zookeeper/zookeeper/3.4.5/zookeeper-3.4.5.jar
7fc35cbd8000-7fc35cbdb000 r--s 0000e000 08:11 393840                     /home/ubuntu/.m2/repository/org/apache/curator/curator-client/2.4.0/curator-client-2.4.0.jar
7fc35cbdb000-7fc35cbe0000 r--s 00027000 08:11 393820                     /home/ubuntu/.m2/repository/org/apache/curator/curator-framework/2.4.0/curator-framework-2.4.0.jar
7fc35cbe0000-7fc35cbe6000 r--s 00035000 08:11 393784                     /home/ubuntu/.m2/repository/org/apache/curator/curator-recipes/2.4.0/curator-recipes-2.4.0.jar
7fc35cbe6000-7fc35cbec000 r--s 00045000 08:11 525562                     /home/ubuntu/.m2/repository/commons-httpclient/commons-httpclient/3.1/commons-httpclient-3.1.jar
7fc35cbec000-7fc35cbee000 r--s 0000a000 08:11 265290                     /home/ubuntu/.m2/repository/commons-codec/commons-codec/1.3/commons-codec-1.3.jar
7fc35cbee000-7fc35cbf4000 r--s 00057000 08:11 262259                     /home/ubuntu/.m2/repository/net/java/dev/jets3t/jets3t/0.7.1/jets3t-0.7.1.jar
7fc35cbf4000-7fc35cbf6000 r--s 00008000 08:11 264880                     /home/ubuntu/.m2/repository/org/apache/spark/spark-unsafe_2.10/1.6.0/spark-unsafe_2.10-1.6.0.jar
7fc35cbf6000-7fc35cbf9000 r--s 00007000 08:11 525206                     /home/ubuntu/.m2/repository/com/fasterxml/jackson/core/jackson-annotations/2.4.4/jackson-annotations-2.4.4.jar
7fc35cbf9000-7fc35cbfc000 r--s 000fd000 08:11 262402                     /home/ubuntu/.m2/repository/org/fusesource/leveldbjni/leveldbjni-all/1.8/leveldbjni-all-1.8.jar
7fc35cbfc000-7fc35cbfe000 r--s 0000c000 08:11 265062                     /home/ubuntu/.m2/repository/org/apache/spark/spark-network-shuffle_2.10/1.6.0/spark-network-shuffle_2.10-1.6.0.jar
7fc35cbfe000-7fc35cc2c000 r--s 00211000 08:11 264981                     /home/ubuntu/.m2/repository/org/apache/spark/spark-network-common_2.10/1.6.0/spark-network-common_2.10-1.6.0.jar
7fc35cc2c000-7fc35cc2e000 r--s 0000e000 08:11 264746                     /home/ubuntu/.m2/repository/org/apache/spark/spark-launcher_2.10/1.6.0/spark-launcher_2.10-1.6.0.jar
7fc35cc2e000-7fc35cc30000 r--s 00003000 08:11 393454                     /home/ubuntu/.m2/repository/org/apache/hadoop/hadoop-annotations/2.2.0/hadoop-annotations-2.2.0.jar
7fc35cc30000-7fc35cc31000 r--s 00008000 08:11 393403                     /home/ubuntu/.m2/repository/org/apache/hadoop/hadoop-mapreduce-client-jobclient/2.2.0/hadoop-mapreduce-client-jobclient-2.2.0.jar
7fc35cc31000-7fc35cc43000 r--s 0012c000 08:11 393259                     /home/ubuntu/.m2/repository/org/apache/hadoop/hadoop-yarn-common/2.2.0/hadoop-yarn-common-2.2.0.jar
7fc35cc43000-7fc35cc5b000 r--s 0014c000 08:11 393279                     /home/ubuntu/.m2/repository/org/apache/hadoop/hadoop-mapreduce-client-core/2.2.0/hadoop-mapreduce-client-core-2.2.0.jar
7fc35cc5b000-7fc35cc6c000 r--s 0010a000 08:11 393231                     /home/ubuntu/.m2/repository/org/apache/hadoop/hadoop-yarn-api/2.2.0/hadoop-yarn-api-2.2.0.jar
7fc35cc6c000-7fc35cc6e000 r--s 00004000 08:11 393253                     /home/ubuntu/.m2/repository/org/apache/hadoop/hadoop-mapreduce-client-shuffle/2.2.0/hadoop-mapreduce-client-shuffle-2.2.0.jar
7fc35cc6e000-7fc35cc72000 r--s 00027000 08:11 393334                     /home/ubuntu/.m2/repository/org/apache/hadoop/hadoop-yarn-server-common/2.2.0/hadoop-yarn-server-common-2.2.0.jar
7fc35cc72000-7fc35cc73000 r--s 00003000 08:11 524491                     /home/ubuntu/.m2/repository/com/sun/jersey/contribs/jersey-guice/1.9/jersey-guice-1.9.jar
7fc35cc73000-7fc35cc74000 r--s 00007000 08:11 263038                     /home/ubuntu/.m2/repository/org/codehaus/jackson/jackson-xc/1.8.3/jackson-xc-1.8.3.jar
7fc35cc74000-7fc35cc75000 r--s 00004000 08:11 263032                     /home/ubuntu/.m2/repository/org/codehaus/jackson/jackson-jaxrs/1.8.3/jackson-jaxrs-1.8.3.jar
7fc35cc75000-7fc35cc77000 r--s 0000e000 08:11 265381                     /home/ubuntu/.m2/repository/javax/activation/activation/1.1/activation-1.1.jar
7fc35cc77000-7fc35cc7a000 r--s 00017000 08:11 265434                     /home/ubuntu/.m2/repository/javax/xml/bind/jaxb-api/2.2.2/jaxb-api-2.2.2.jar
7fc35cc7a000-7fc35cc8d000 r--s 000c7000 08:11 524422                     /home/ubuntu/.m2/repository/com/sun/xml/bind/jaxb-impl/2.2.3-1/jaxb-impl-2.2.3-1.jar
7fc35cc8d000-7fc35cc8f000 r--s 00005000 08:11 265205                     /home/ubuntu/.m2/repository/stax/stax-api/1.0.1/stax-api-1.0.1.jar
7fc35cc8f000-7fc35cc91000 r--s 0000f000 08:11 262443                     /home/ubuntu/.m2/repository/org/codehaus/jettison/jettison/1.1/jettison-1.1.jar
7fc35cc91000-7fc35cc95000 r--s 00021000 08:11 524534                     /home/ubuntu/.m2/repository/com/sun/jersey/jersey-json/1.9/jersey-json-1.9.jar
7fc35cc95000-7fc35cc98000 r--s 00012000 08:11 394603                     /home/ubuntu/.m2/repository/org/glassfish/javax.servlet/3.1/javax.servlet-3.1.jar
7fc35cc98000-7fc35cca0000 r--s 0004b000 08:11 394532                     /home/ubuntu/.m2/repository/org/glassfish/grizzly/grizzly-http-servlet/2.1.2/grizzly-http-servlet-2.1.2.jar
7fc35cca0000-7fc35cca1000 r--s 00001000 08:11 394572                     /home/ubuntu/.m2/repository/org/glassfish/grizzly/grizzly-rcm/2.1.2/grizzly-rcm-2.1.2.jar
7fc35cca1000-7fc35cca5000 r--s 0002d000 08:11 394589                     /home/ubuntu/.m2/repository/org/glassfish/grizzly/grizzly-http-server/2.1.2/grizzly-http-server-2.1.2.jar
7fc35cca5000-7fc35cca7000 r--s 00009000 08:11 394485                     /home/ubuntu/.m2/repository/org/glassfish/external/management-api/3.0.0-b012/management-api-3.0.0-b012.jar
7fc35cca7000-7fc35cca9000 r--s 00004000 08:11 394498                     /home/ubuntu/.m2/repository/org/glassfish/gmbal/gmbal-api-only/3.0.0-b023/gmbal-api-only-3.0.0-b023.jar
7fc35cca9000-7fc35ccb7000 r--s 0009b000 08:11 394545                     /home/ubuntu/.m2/repository/org/glassfish/grizzly/grizzly-framework/2.1.2/grizzly-framework-2.1.2.jar
7fc35ccb7000-7fc35ccbb000 r--s 0003a000 08:11 394520                     /home/ubuntu/.m2/repository/org/glassfish/grizzly/grizzly-http/2.1.2/grizzly-http-2.1.2.jar
7fc35ccbb000-7fc35ccbd000 r--s 00003000 08:11 524466                     /home/ubuntu/.m2/repository/com/sun/jersey/jersey-grizzly2/1.9/jersey-grizzly2-1.9.jar
7fc35ccbd000-7fc35ccc0000 r--s 0001d000 08:11 524550                     /home/ubuntu/.m2/repository/com/sun/jersey/jersey-client/1.9/jersey-client-1.9.jar
7fc35ccc0000-7fc35ccc3000 r--s 00012000 08:11 265395                     /home/ubuntu/.m2/repository/javax/servlet/javax.servlet-api/3.0.1/javax.servlet-api-3.0.1.jar
7fc35ccc3000-7fc35ccc5000 r--s 00005000 08:11 524438                     /home/ubuntu/.m2/repository/com/sun/jersey/jersey-test-framework/jersey-test-framework-core/1.9/jersey-test-framework-core-1.9.jar
7fc35ccc5000-7fc35ccc7000 r--s 00002000 08:11 524450                     /home/ubuntu/.m2/repository/com/sun/jersey/jersey-test-framework/jersey-test-framework-grizzly2/1.9/jersey-test-framework-grizzly2-1.9.jar
7fc35ccc7000-7fc35ccc9000 r--s 00000000 08:11 262229                     /home/ubuntu/.m2/repository/aopalliance/aopalliance/1.0/aopalliance-1.0.jar
7fc35ccc9000-7fc35ccca000 r--s 00000000 08:11 396391                     /home/ubuntu/.m2/repository/javax/inject/javax.inject/1/javax.inject-1.jar
7fc35ccca000-7fc35ccd9000 r--s 0009f000 08:11 524911                     /home/ubuntu/.m2/repository/com/google/inject/guice/3.0/guice-3.0.jar
7fc35ccd9000-7fc35ccdc000 r--s 00015000 08:11 393430                     /home/ubuntu/.m2/repository/org/apache/hadoop/hadoop-yarn-client/2.2.0/hadoop-yarn-client-2.2.0.jar
7fc35ccdc000-7fc35cce8000 r--s 00095000 08:11 393474                     /home/ubuntu/.m2/repository/org/apache/hadoop/hadoop-mapreduce-client-common/2.2.0/hadoop-mapreduce-client-common-2.2.0.jar
7fc35cce8000-7fc35ccf1000 r--s 0006d000 08:11 393356                     /home/ubuntu/.m2/repository/org/apache/hadoop/hadoop-mapreduce-client-app/2.2.0/hadoop-mapreduce-client-app-2.2.0.jar
7fc35ccf1000-7fc35ccf5000 r--s 00028000 08:11 394982                     /home/ubuntu/.m2/repository/org/mortbay/jetty/jetty-util/6.1.26/jetty-util-6.1.26.jar
7fc35ccf5000-7fc35cd3a000 r--s 004bb000 08:11 393381                     /home/ubuntu/.m2/repository/org/apache/hadoop/hadoop-hdfs/2.2.0/hadoop-hdfs-2.2.0.jar
7fc35cd3a000-7fc35cd3e000 r--s 00014000 08:11 262420                     /home/ubuntu/.m2/repository/org/tukaani/xz/1.0/xz-1.0.jar
7fc35cd3e000-7fc35cd43000 r--s 00036000 08:11 263212                     /home/ubuntu/.m2/repository/org/apache/commons/commons-compress/1.4.1/commons-compress-1.4.1.jar
7fc35cd43000-7fc35cd45000 r--s 0000b000 08:11 393298                     /home/ubuntu/.m2/repository/org/apache/hadoop/hadoop-auth/2.2.0/hadoop-auth-2.2.0.jar
7fc35cd45000-7fc35cd49000 r--s 0002f000 08:11 262214                     /home/ubuntu/.m2/repository/commons-beanutils/commons-beanutils-core/1.8.0/commons-beanutils-core-1.8.0.jar
7fc35cd49000-7fc35cd4e000 r--s 0002a000 08:11 262207                     /home/ubuntu/.m2/repository/commons-beanutils/commons-beanutils/1.7.0/commons-beanutils-1.7.0.jar
7fc35cd4e000-7fc35cd52000 r--s 00020000 08:11 265467                     /home/ubuntu/.m2/repository/commons-digester/commons-digester/1.8/commons-digester-1.8.jar
7fc35cd52000-7fc35cd60000 r--s 0007f000 08:11 265325                     /home/ubuntu/.m2/repository/commons-collections/commons-collections/3.2.1/commons-collections-3.2.1.jar
7fc35cd60000-7fc35cd66000 r--s 00043000 08:11 265343                     /home/ubuntu/.m2/repository/commons-configuration/commons-configuration/1.6/commons-configuration-1.6.jar
7fc35cd66000-7fc35cd67000 r--s 00003000 08:11 265195                     /home/ubuntu/.m2/repository/xmlenc/xmlenc/0.52/xmlenc-0.52.jar
7fc35cd67000-7fc35cd78000 r--s 000bb000 08:11 263231                     /home/ubuntu/.m2/repository/org/apache/commons/commons-math/2.1/commons-math-2.1.jar
7fc35cd78000-7fc35cd7a000 r--s 00009000 08:11 396396                     /home/ubuntu/.m2/repository/commons-cli/commons-cli/1.2/commons-cli-1.2.jar
7fc35cd7a000-7fc35cda5000 r--s 00271000 08:11 393321                     /home/ubuntu/.m2/repository/org/apache/hadoop/hadoop-common/2.2.0/hadoop-common-2.2.0.jar
7fc35cda5000-7fc35cda8000 r--s 00021000 08:11 393757                     /home/ubuntu/.m2/repository/org/apache/xbean/xbean-asm5-shaded/4.4/xbean-asm5-shaded-4.4.jar
7fc35cda8000-7fc35cdaa000 r--s 0000a000 08:11 524951                     /home/ubuntu/.m2/repository/com/twitter/chill-java/0.5.0/chill-java-0.5.0.jar
7fc35cdaa000-7fc35cdac000 r--s 00007000 08:11 396007                     /home/ubuntu/.m2/repository/org/objenesis/objenesis/1.2/objenesis-1.2.jar
7fc35cdac000-7fc35cdb2000 r--s 00053000 08:11 524582                     /home/ubuntu/.m2/repository/com/esotericsoftware/kryo/kryo/2.21/kryo-2.21.jar
7fc35cdb2000-7fc35cdc0000 r--s 000b1000 08:11 263009                     /home/ubuntu/.m2/repository/org/codehaus/jackson/jackson-mapper-asl/1.9.13/jackson-mapper-asl-1.9.13.jar
7fc35cdc0000-7fc35ce91000 r--s 009d6000 08:11 264581                     /home/ubuntu/.m2/repository/org/apache/spark/spark-core_2.10/1.6.0/spark-core_2.10-1.6.0.jar
7fc35ce91000-7fc35ce92000 ---p 00000000 00:00 0 
7fc35ce92000-7fc35cf92000 rw-p 00000000 00:00 0                          [stack:5270]
7fc35cf92000-7fc35cf95000 ---p 00000000 00:00 0 
7fc35cf95000-7fc35d093000 rw-p 00000000 00:00 0                          [stack:5269]
7fc35d093000-7fc35d096000 ---p 00000000 00:00 0 
7fc35d096000-7fc35d194000 rw-p 00000000 00:00 0                          [stack:5268]
7fc35d194000-7fc35d197000 ---p 00000000 00:00 0 
7fc35d197000-7fc35d295000 rw-p 00000000 00:00 0                          [stack:5267]
7fc35d295000-7fc35d298000 ---p 00000000 00:00 0 
7fc35d298000-7fc35d396000 rw-p 00000000 00:00 0                          [stack:5266]
7fc35d396000-7fc35d399000 ---p 00000000 00:00 0 
7fc35d399000-7fc35d497000 rw-p 00000000 00:00 0                          [stack:5262]
7fc35d497000-7fc35d49a000 ---p 00000000 00:00 0 
7fc35d49a000-7fc35d598000 rw-p 00000000 00:00 0                          [stack:5261]
7fc35d598000-7fc35d59b000 ---p 00000000 00:00 0 
7fc35d59b000-7fc35d699000 rw-p 00000000 00:00 0                          [stack:5258]
7fc35d699000-7fc35d69d000 r-xp 00000000 fc:00 854484                     /usr/local/java/jdk1.8.0_92/jre/lib/amd64/libdt_socket.so
7fc35d69d000-7fc35d89c000 ---p 00004000 fc:00 854484                     /usr/local/java/jdk1.8.0_92/jre/lib/amd64/libdt_socket.so
7fc35d89c000-7fc35d89d000 rw-p 00003000 fc:00 854484                     /usr/local/java/jdk1.8.0_92/jre/lib/amd64/libdt_socket.so
7fc35d89d000-7fc35d8a0000 ---p 00000000 00:00 0 
7fc35d8a0000-7fc35d99e000 rw-p 00000000 00:00 0                          [stack:5256]
7fc35d99e000-7fc35d9a1000 ---p 00000000 00:00 0 
7fc35d9a1000-7fc35da9f000 rw-p 00000000 00:00 0                          [stack:5254]
7fc35da9f000-7fc35daa2000 ---p 00000000 00:00 0 
7fc35daa2000-7fc35dba0000 rw-p 00000000 00:00 0                          [stack:5253]
7fc35dba0000-7fc35dba1000 ---p 00000000 00:00 0 
7fc35dba1000-7fc35eed0000 rw-p 00000000 00:00 0                          [stack:5252]
7fc35eed0000-7fc35f110000 ---p 00000000 00:00 0 
7fc35f110000-7fc361000000 rw-p 00000000 00:00 0 
7fc361000000-7fc361270000 rwxp 00000000 00:00 0 
7fc361270000-7fc370000000 ---p 00000000 00:00 0 
7fc370000000-7fc370a4c000 rw-p 00000000 00:00 0 
7fc370a4c000-7fc374000000 ---p 00000000 00:00 0 
7fc374000000-7fc374002000 r--s 00000000 08:11 524613                     /home/ubuntu/.m2/repository/com/esotericsoftware/minlog/minlog/1.2/minlog-1.2.jar
7fc374002000-7fc374006000 r--s 00032000 08:11 524930                     /home/ubuntu/.m2/repository/com/twitter/chill_2.10/0.5.0/chill_2.10-0.5.0.jar
7fc374006000-7fc37400a000 r--s 00035000 08:11 262977                     /home/ubuntu/.m2/repository/org/codehaus/jackson/jackson-core-asl/1.9.13/jackson-core-asl-1.9.13.jar
7fc37400a000-7fc374011000 r--s 0004e000 08:11 393679                     /home/ubuntu/.m2/repository/org/apache/avro/avro-ipc/1.7.7/avro-ipc-1.7.7-tests.jar
7fc374011000-7fc37401a000 r--s 00062000 08:11 393706                     /home/ubuntu/.m2/repository/org/apache/avro/avro/1.7.7/avro-1.7.7.jar
7fc37401a000-7fc37401e000 r--s 0002c000 08:11 393675                     /home/ubuntu/.m2/repository/org/apache/avro/avro-ipc/1.7.7/avro-ipc-1.7.7.jar
7fc37401e000-7fc374363000 rw-p 00000000 00:00 0 
7fc374363000-7fc37453c000 r--s 03d24000 fc:00 852632                     /usr/local/java/jdk1.8.0_92/jre/lib/rt.jar
7fc37453c000-7fc3747a1000 rw-p 00000000 00:00 0 
7fc3747a1000-7fc3747a2000 ---p 00000000 00:00 0 
7fc3747a2000-7fc3748a2000 rw-p 00000000 00:00 0                          [stack:5250]
7fc3748a2000-7fc3748a3000 ---p 00000000 00:00 0 
7fc3748a3000-7fc3749a3000 rw-p 00000000 00:00 0                          [stack:5249]
7fc3749a3000-7fc3749a4000 ---p 00000000 00:00 0 
7fc3749a4000-7fc374aa4000 rw-p 00000000 00:00 0                          [stack:5248]
7fc374aa4000-7fc374aa5000 ---p 00000000 00:00 0 
7fc374aa5000-7fc374bba000 rw-p 00000000 00:00 0                          [stack:5247]
7fc374bba000-7fc374cef000 ---p 00000000 00:00 0 
7fc374cef000-7fc374d04000 rw-p 00000000 00:00 0 
7fc374d04000-7fc374e39000 ---p 00000000 00:00 0 
7fc374e39000-7fc374e44000 rw-p 00000000 00:00 0 
7fc374e44000-7fc374ede000 ---p 00000000 00:00 0 
7fc374ede000-7fc374ee9000 rw-p 00000000 00:00 0 
7fc374ee9000-7fc37529f000 ---p 00000000 00:00 0 
7fc37529f000-7fc3752b9000 r-xp 00000000 fc:00 854531                     /usr/local/java/jdk1.8.0_92/jre/lib/amd64/libzip.so
7fc3752b9000-7fc3754b9000 ---p 0001a000 fc:00 854531                     /usr/local/java/jdk1.8.0_92/jre/lib/amd64/libzip.so
7fc3754b9000-7fc3754ba000 rw-p 0001a000 fc:00 854531                     /usr/local/java/jdk1.8.0_92/jre/lib/amd64/libzip.so
7fc3754ba000-7fc3754c4000 r-xp 00000000 fc:00 539299                     /lib/x86_64-linux-gnu/libnss_files-2.19.so
7fc3754c4000-7fc3756c3000 ---p 0000a000 fc:00 539299                     /lib/x86_64-linux-gnu/libnss_files-2.19.so
7fc3756c3000-7fc3756c4000 r--p 00009000 fc:00 539299                     /lib/x86_64-linux-gnu/libnss_files-2.19.so
7fc3756c4000-7fc3756c5000 rw-p 0000a000 fc:00 539299                     /lib/x86_64-linux-gnu/libnss_files-2.19.so
7fc3756c5000-7fc3756d0000 r-xp 00000000 fc:00 539287                     /lib/x86_64-linux-gnu/libnss_nis-2.19.so
7fc3756d0000-7fc3758cf000 ---p 0000b000 fc:00 539287                     /lib/x86_64-linux-gnu/libnss_nis-2.19.so
7fc3758cf000-7fc3758d0000 r--p 0000a000 fc:00 539287                     /lib/x86_64-linux-gnu/libnss_nis-2.19.so
7fc3758d0000-7fc3758d1000 rw-p 0000b000 fc:00 539287                     /lib/x86_64-linux-gnu/libnss_nis-2.19.so
7fc3758d1000-7fc3758e8000 r-xp 00000000 fc:00 539283                     /lib/x86_64-linux-gnu/libnsl-2.19.so
7fc3758e8000-7fc375ae7000 ---p 00017000 fc:00 539283                     /lib/x86_64-linux-gnu/libnsl-2.19.so
7fc375ae7000-7fc375ae8000 r--p 00016000 fc:00 539283                     /lib/x86_64-linux-gnu/libnsl-2.19.so
7fc375ae8000-7fc375ae9000 rw-p 00017000 fc:00 539283                     /lib/x86_64-linux-gnu/libnsl-2.19.so
7fc375ae9000-7fc375aeb000 rw-p 00000000 00:00 0 
7fc375aeb000-7fc375af4000 r-xp 00000000 fc:00 539282                     /lib/x86_64-linux-gnu/libnss_compat-2.19.so
7fc375af4000-7fc375cf3000 ---p 00009000 fc:00 539282                     /lib/x86_64-linux-gnu/libnss_compat-2.19.so
7fc375cf3000-7fc375cf4000 r--p 00008000 fc:00 539282                     /lib/x86_64-linux-gnu/libnss_compat-2.19.so
7fc375cf4000-7fc375cf5000 rw-p 00009000 fc:00 539282                     /lib/x86_64-linux-gnu/libnss_compat-2.19.so
7fc375cf5000-7fc375fbe000 r--p 00000000 fc:00 661453                     /usr/lib/locale/locale-archive
7fc375fbe000-7fc375fc0000 r-xp 00000000 fc:00 854486                     /usr/local/java/jdk1.8.0_92/jre/lib/amd64/libnpt.so
7fc375fc0000-7fc3761c0000 ---p 00002000 fc:00 854486                     /usr/local/java/jdk1.8.0_92/jre/lib/amd64/libnpt.so
7fc3761c0000-7fc3761c1000 rw-p 00002000 fc:00 854486                     /usr/local/java/jdk1.8.0_92/jre/lib/amd64/libnpt.so
7fc3761c1000-7fc3761fa000 r-xp 00000000 fc:00 854514                     /usr/local/java/jdk1.8.0_92/jre/lib/amd64/libjdwp.so
7fc3761fa000-7fc3763f9000 ---p 00039000 fc:00 854514                     /usr/local/java/jdk1.8.0_92/jre/lib/amd64/libjdwp.so
7fc3763f9000-7fc3763fb000 rw-p 00038000 fc:00 854514                     /usr/local/java/jdk1.8.0_92/jre/lib/amd64/libjdwp.so
7fc3763fb000-7fc376425000 r-xp 00000000 fc:00 854523                     /usr/local/java/jdk1.8.0_92/jre/lib/amd64/libjava.so
7fc376425000-7fc376625000 ---p 0002a000 fc:00 854523                     /usr/local/java/jdk1.8.0_92/jre/lib/amd64/libjava.so
7fc376625000-7fc376627000 rw-p 0002a000 fc:00 854523                     /usr/local/java/jdk1.8.0_92/jre/lib/amd64/libjava.so
7fc376627000-7fc376634000 r-xp 00000000 fc:00 854530                     /usr/local/java/jdk1.8.0_92/jre/lib/amd64/libverify.so
7fc376634000-7fc376834000 ---p 0000d000 fc:00 854530                     /usr/local/java/jdk1.8.0_92/jre/lib/amd64/libverify.so
7fc376834000-7fc376836000 rw-p 0000d000 fc:00 854530                     /usr/local/java/jdk1.8.0_92/jre/lib/amd64/libverify.so
7fc376836000-7fc37683d000 r-xp 00000000 fc:00 539294                     /lib/x86_64-linux-gnu/librt-2.19.so
7fc37683d000-7fc376a3c000 ---p 00007000 fc:00 539294                     /lib/x86_64-linux-gnu/librt-2.19.so
7fc376a3c000-7fc376a3d000 r--p 00006000 fc:00 539294                     /lib/x86_64-linux-gnu/librt-2.19.so
7fc376a3d000-7fc376a3e000 rw-p 00007000 fc:00 539294                     /lib/x86_64-linux-gnu/librt-2.19.so
7fc376a3e000-7fc376b43000 r-xp 00000000 fc:00 537203                     /lib/x86_64-linux-gnu/libm-2.19.so
7fc376b43000-7fc376d42000 ---p 00105000 fc:00 537203                     /lib/x86_64-linux-gnu/libm-2.19.so
7fc376d42000-7fc376d43000 r--p 00104000 fc:00 537203                     /lib/x86_64-linux-gnu/libm-2.19.so
7fc376d43000-7fc376d44000 rw-p 00105000 fc:00 537203                     /lib/x86_64-linux-gnu/libm-2.19.so
7fc376d44000-7fc377a07000 r-xp 00000000 fc:00 854496                     /usr/local/java/jdk1.8.0_92/jre/lib/amd64/server/libjvm.so
7fc377a07000-7fc377c06000 ---p 00cc3000 fc:00 854496                     /usr/local/java/jdk1.8.0_92/jre/lib/amd64/server/libjvm.so
7fc377c06000-7fc377cdf000 rw-p 00cc2000 fc:00 854496                     /usr/local/java/jdk1.8.0_92/jre/lib/amd64/server/libjvm.so
7fc377cdf000-7fc377d2a000 rw-p 00000000 00:00 0 
7fc377d2a000-7fc377ee4000 r-xp 00000000 fc:00 539295                     /lib/x86_64-linux-gnu/libc-2.19.so
7fc377ee4000-7fc3780e4000 ---p 001ba000 fc:00 539295                     /lib/x86_64-linux-gnu/libc-2.19.so
7fc3780e4000-7fc3780e8000 r--p 001ba000 fc:00 539295                     /lib/x86_64-linux-gnu/libc-2.19.so
7fc3780e8000-7fc3780ea000 rw-p 001be000 fc:00 539295                     /lib/x86_64-linux-gnu/libc-2.19.so
7fc3780ea000-7fc3780ef000 rw-p 00000000 00:00 0 
7fc3780ef000-7fc3780f2000 r-xp 00000000 fc:00 539267                     /lib/x86_64-linux-gnu/libdl-2.19.so
7fc3780f2000-7fc3782f1000 ---p 00003000 fc:00 539267                     /lib/x86_64-linux-gnu/libdl-2.19.so
7fc3782f1000-7fc3782f2000 r--p 00002000 fc:00 539267                     /lib/x86_64-linux-gnu/libdl-2.19.so
7fc3782f2000-7fc3782f3000 rw-p 00003000 fc:00 539267                     /lib/x86_64-linux-gnu/libdl-2.19.so
7fc3782f3000-7fc378308000 r-xp 00000000 fc:00 48452                      /usr/local/java/jdk1.8.0_92/lib/amd64/jli/libjli.so
7fc378308000-7fc378508000 ---p 00015000 fc:00 48452                      /usr/local/java/jdk1.8.0_92/lib/amd64/jli/libjli.so
7fc378508000-7fc378509000 rw-p 00015000 fc:00 48452                      /usr/local/java/jdk1.8.0_92/lib/amd64/jli/libjli.so
7fc378509000-7fc378522000 r-xp 00000000 fc:00 539284                     /lib/x86_64-linux-gnu/libpthread-2.19.so
7fc378522000-7fc378721000 ---p 00019000 fc:00 539284                     /lib/x86_64-linux-gnu/libpthread-2.19.so
7fc378721000-7fc378722000 r--p 00018000 fc:00 539284                     /lib/x86_64-linux-gnu/libpthread-2.19.so
7fc378722000-7fc378723000 rw-p 00019000 fc:00 539284                     /lib/x86_64-linux-gnu/libpthread-2.19.so
7fc378723000-7fc378727000 rw-p 00000000 00:00 0 
7fc378727000-7fc37874a000 r-xp 00000000 fc:00 539285                     /lib/x86_64-linux-gnu/ld-2.19.so
7fc37874a000-7fc378830000 rw-p 00000000 00:00 0 
7fc378830000-7fc378833000 ---p 00000000 00:00 0 
7fc378833000-7fc378935000 rw-p 00000000 00:00 0                          [stack:5243]
7fc378935000-7fc378936000 r--s 00000000 08:11 393422                     /home/ubuntu/.m2/repository/org/apache/hadoop/hadoop-client/2.2.0/hadoop-client-2.2.0.jar
7fc378936000-7fc378938000 r--s 0000f000 08:11 524598                     /home/ubuntu/.m2/repository/com/esotericsoftware/reflectasm/reflectasm/1.07/reflectasm-1.07-shaded.jar
7fc378938000-7fc37893d000 r--s 00028000 08:11 393646                     /home/ubuntu/.m2/repository/org/apache/avro/avro-mapred/1.7.7/avro-mapred-1.7.7-hadoop2.jar
7fc37893d000-7fc378945000 rw-s 00000000 fc:00 62                         /tmp/hsperfdata_ubuntu/5240
7fc378945000-7fc378946000 rw-p 00000000 00:00 0 
7fc378946000-7fc378947000 r--p 00000000 00:00 0 
7fc378947000-7fc378949000 rw-p 00000000 00:00 0 
7fc378949000-7fc37894a000 r--p 00022000 fc:00 539285                     /lib/x86_64-linux-gnu/ld-2.19.so
7fc37894a000-7fc37894b000 rw-p 00023000 fc:00 539285                     /lib/x86_64-linux-gnu/ld-2.19.so
7fc37894b000-7fc37894c000 rw-p 00000000 00:00 0 
7ffd70882000-7ffd708a7000 rw-p 00000000 00:00 0                          [stack]
7ffd7090a000-7ffd7090c000 r-xp 00000000 00:00 0                          [vdso]
7ffd7090c000-7ffd7090e000 r--p 00000000 00:00 0                          [vvar]
ffffffffff600000-ffffffffff601000 r-xp 00000000 00:00 0                  [vsyscall]

VM Arguments:
jvm_args: -agentlib:jdwp=transport=dt_socket,suspend=y,address=localhost:56937 -Dfile.encoding=UTF-8 
java_command: org.joolzminer.examples.spark.java.AppRunner
java_class_path (initial): /home/ubuntu/Development/git-repos/spark-in-action-repo/spark-java-examples-parent/chapter05-sparkling-queries-with-spark-sql/001-creating-dataframes-from-rdds/target/classes:/home/ubuntu/.m2/repository/org/apache/spark/spark-core_2.10/1.6.0/spark-core_2.10-1.6.0.jar:/home/ubuntu/.m2/repository/org/apache/avro/avro-mapred/1.7.7/avro-mapred-1.7.7-hadoop2.jar:/home/ubuntu/.m2/repository/org/apache/avro/avro-ipc/1.7.7/avro-ipc-1.7.7.jar:/home/ubuntu/.m2/repository/org/apache/avro/avro/1.7.7/avro-1.7.7.jar:/home/ubuntu/.m2/repository/org/apache/avro/avro-ipc/1.7.7/avro-ipc-1.7.7-tests.jar:/home/ubuntu/.m2/repository/org/codehaus/jackson/jackson-core-asl/1.9.13/jackson-core-asl-1.9.13.jar:/home/ubuntu/.m2/repository/org/codehaus/jackson/jackson-mapper-asl/1.9.13/jackson-mapper-asl-1.9.13.jar:/home/ubuntu/.m2/repository/com/twitter/chill_2.10/0.5.0/chill_2.10-0.5.0.jar:/home/ubuntu/.m2/repository/com/esotericsoftware/kryo/kryo/2.21/kryo-2.21.jar:/home/ubuntu/.m2/repository/com/esotericsoftware/reflectasm/reflectasm/1.07/reflectasm-1.07-shaded.jar:/home/ubuntu/.m2/repository/com/esotericsoftware/minlog/minlog/1.2/minlog-1.2.jar:/home/ubuntu/.m2/repository/org/objenesis/objenesis/1.2/objenesis-1.2.jar:/home/ubuntu/.m2/repository/com/twitter/chill-java/0.5.0/chill-java-0.5.0.jar:/home/ubuntu/.m2/repository/org/apache/xbean/xbean-asm5-shaded/4.4/xbean-asm5-shaded-4.4.jar:/home/ubuntu/.m2/repository/org/apache/hadoop/hadoop-client/2.2.0/hadoop-client-2.2.0.jar:/home/ubuntu/.m2/repository/org/apache/hadoop/hadoop-common/2.2.0/hadoop-common-2.2.0.jar:/home/ubuntu/.m2/repository/commons-cli/commons-cli/1.2/commons-cli-1.2.jar:/home/ubuntu/.m2/repository/org/apache/commons/commons-math/2.1/commons-math-2.1.jar:/home/ubuntu/.m2/repository/xmlenc/xmlenc/0.52/xmlenc-0.52.jar:/home/ubuntu/.m2/repository/commons-configuration/commons-configuration/1.6/commons-configuration-1.6.jar:/home/ubuntu/.m2/repository/commons-collections/commons-collections/3.2.1/com
Launcher Type: SUN_STANDARD

Environment Variables:
JAVA_HOME=/usr/local/java/jdk1.8.0_92
PATH=/home/ubuntu/bin:/usr/local/heroku/bin:/usr/local/sbin:/usr/local/bin:/usr/sbin:/usr/bin:/sbin:/bin:/usr/games:/usr/local/games:/usr/local/java/jdk1.8.0_92/bin:/home/ubuntu/bin
SHELL=/bin/bash
DISPLAY=:0

Signal Handlers:
SIGSEGV: [libjvm.so+0xabdee0], sa_mask[0]=11111111011111111101111111111110, sa_flags=SA_RESTART|SA_SIGINFO
SIGBUS: [libjvm.so+0xabdee0], sa_mask[0]=11111111011111111101111111111110, sa_flags=SA_RESTART|SA_SIGINFO
SIGFPE: [libjvm.so+0x91a580], sa_mask[0]=11111111011111111101111111111110, sa_flags=SA_RESTART|SA_SIGINFO
SIGPIPE: [libjvm.so+0x91a580], sa_mask[0]=11111111011111111101111111111110, sa_flags=SA_RESTART|SA_SIGINFO
SIGXFSZ: [libjvm.so+0x91a580], sa_mask[0]=11111111011111111101111111111110, sa_flags=SA_RESTART|SA_SIGINFO
SIGILL: [libjvm.so+0x91a580], sa_mask[0]=11111111011111111101111111111110, sa_flags=SA_RESTART|SA_SIGINFO
SIGUSR1: SIG_DFL, sa_mask[0]=00000000000000000000000000000000, sa_flags=none
SIGUSR2: [libjvm.so+0x91bbb0], sa_mask[0]=00100000000000000000000000000000, sa_flags=SA_RESTART|SA_SIGINFO
SIGHUP: [libjvm.so+0x91cfb0], sa_mask[0]=11111111011111111101111111111110, sa_flags=SA_RESTART|SA_SIGINFO
SIGINT: [libjvm.so+0x91cfb0], sa_mask[0]=11111111011111111101111111111110, sa_flags=SA_RESTART|SA_SIGINFO
SIGTERM: [libjvm.so+0x91cfb0], sa_mask[0]=11111111011111111101111111111110, sa_flags=SA_RESTART|SA_SIGINFO
SIGQUIT: [libjvm.so+0x91cfb0], sa_mask[0]=11111111011111111101111111111110, sa_flags=SA_RESTART|SA_SIGINFO


---------------  S Y S T E M  ---------------

OS:DISTRIB_ID=Ubuntu
DISTRIB_RELEASE=14.04
DISTRIB_CODENAME=trusty
DISTRIB_DESCRIPTION="Ubuntu 14.04.4 LTS"

uname:Linux 3.16.0-77-generic #99~14.04.1-Ubuntu SMP Tue Jun 28 19:17:10 UTC 2016 x86_64
libc:glibc 2.19 NPTL 2.19 
rlimit: STACK 8192k, CORE 0k, NPROC 15724, NOFILE 4096, AS infinity
load average:1.10 0.64 0.49

/proc/meminfo:
MemTotal:        4047700 kB
MemFree:         1499748 kB
MemAvailable:    2201028 kB
Buffers:           92112 kB
Cached:           756244 kB
SwapCached:            0 kB
Active:          1947236 kB
Inactive:         459308 kB
Active(anon):    1559000 kB
Inactive(anon):     2460 kB
Active(file):     388236 kB
Inactive(file):   456848 kB
Unevictable:           0 kB
Mlocked:               0 kB
SwapTotal:       4190204 kB
SwapFree:        4190204 kB
Dirty:                24 kB
Writeback:             0 kB
AnonPages:       1558244 kB
Mapped:           247392 kB
Shmem:              3272 kB
Slab:              71028 kB
SReclaimable:      50264 kB
SUnreclaim:        20764 kB
KernelStack:        6752 kB
PageTables:        20076 kB
NFS_Unstable:          0 kB
Bounce:                0 kB
WritebackTmp:          0 kB
CommitLimit:     6214052 kB
Committed_AS:    3262196 kB
VmallocTotal:   34359738367 kB
VmallocUsed:       57752 kB
VmallocChunk:   34359675896 kB
HardwareCorrupted:     0 kB
AnonHugePages:   1124352 kB
HugePages_Total:       0
HugePages_Free:        0
HugePages_Rsvd:        0
HugePages_Surp:        0
Hugepagesize:       2048 kB
DirectMap4k:       53184 kB
DirectMap2M:     4141056 kB


CPU:total 4 (4 cores per cpu, 1 threads per core) family 6 model 60 stepping 3, cmov, cx8, fxsr, mmx, sse, sse2, sse3, ssse3, sse4.1, sse4.2, popcnt, avx, aes, clmul, lzcnt, tsc, tscinvbit

/proc/cpuinfo:
processor	: 0
vendor_id	: GenuineIntel
cpu family	: 6
model		: 60
model name	: Intel(R) Core(TM) i7-4800MQ CPU @ 2.70GHz
stepping	: 3
cpu MHz		: 2693.880
cache size	: 6144 KB
physical id	: 0
siblings	: 4
core id		: 0
cpu cores	: 4
apicid		: 0
initial apicid	: 0
fpu		: yes
fpu_exception	: yes
cpuid level	: 13
wp		: yes
flags		: fpu vme de pse tsc msr pae mce cx8 apic sep mtrr pge mca cmov pat pse36 clflush mmx fxsr sse sse2 ht syscall nx rdtscp lm constant_tsc rep_good nopl xtopology nonstop_tsc pni pclmulqdq ssse3 cx16 sse4_1 sse4_2 movbe popcnt aes xsave avx rdrand lahf_lm abm
bogomips	: 5387.76
clflush size	: 64
cache_alignment	: 64
address sizes	: 39 bits physical, 48 bits virtual
power management:

processor	: 1
vendor_id	: GenuineIntel
cpu family	: 6
model		: 60
model name	: Intel(R) Core(TM) i7-4800MQ CPU @ 2.70GHz
stepping	: 3
cpu MHz		: 2693.880
cache size	: 6144 KB
physical id	: 0
siblings	: 4
core id		: 1
cpu cores	: 4
apicid		: 1
initial apicid	: 1
fpu		: yes
fpu_exception	: yes
cpuid level	: 13
wp		: yes
flags		: fpu vme de pse tsc msr pae mce cx8 apic sep mtrr pge mca cmov pat pse36 clflush mmx fxsr sse sse2 ht syscall nx rdtscp lm constant_tsc rep_good nopl xtopology nonstop_tsc pni pclmulqdq ssse3 cx16 sse4_1 sse4_2 movbe popcnt aes xsave avx rdrand lahf_lm abm
bogomips	: 5387.76
clflush size	: 64
cache_alignment	: 64
address sizes	: 39 bits physical, 48 bits virtual
power management:

processor	: 2
vendor_id	: GenuineIntel
cpu family	: 6
model		: 60
model name	: Intel(R) Core(TM) i7-4800MQ CPU @ 2.70GHz
stepping	: 3
cpu MHz		: 2693.880
cache size	: 6144 KB
physical id	: 0
siblings	: 4
core id		: 2
cpu cores	: 4
apicid		: 2
initial apicid	: 2
fpu		: yes
fpu_exception	: yes
cpuid level	: 13
wp		: yes
flags		: fpu vme de pse tsc msr pae mce cx8 apic sep mtrr pge mca cmov pat pse36 clflush mmx fxsr sse sse2 ht syscall nx rdtscp lm constant_tsc rep_good nopl xtopology nonstop_tsc pni pclmulqdq ssse3 cx16 sse4_1 sse4_2 movbe popcnt aes xsave avx rdrand lahf_lm abm
bogomips	: 5387.76
clflush size	: 64
cache_alignment	: 64
address sizes	: 39 bits physical, 48 bits virtual
power management:

processor	: 3
vendor_id	: GenuineIntel
cpu family	: 6
model		: 60
model name	: Intel(R) Core(TM) i7-4800MQ CPU @ 2.70GHz
stepping	: 3
cpu MHz		: 2693.880
cache size	: 6144 KB
physical id	: 0
siblings	: 4
core id		: 3
cpu cores	: 4
apicid		: 3
initial apicid	: 3
fpu		: yes
fpu_exception	: yes
cpuid level	: 13
wp		: yes
flags		: fpu vme de pse tsc msr pae mce cx8 apic sep mtrr pge mca cmov pat pse36 clflush mmx fxsr sse sse2 ht syscall nx rdtscp lm constant_tsc rep_good nopl xtopology nonstop_tsc pni pclmulqdq ssse3 cx16 sse4_1 sse4_2 movbe popcnt aes xsave avx rdrand lahf_lm abm
bogomips	: 5387.76
clflush size	: 64
cache_alignment	: 64
address sizes	: 39 bits physical, 48 bits virtual
power management:



Memory: 4k page, physical 4047700k(1499748k free), swap 4190204k(4190204k free)

vm_info: Java HotSpot(TM) 64-Bit Server VM (25.92-b14) for linux-amd64 JRE (1.8.0_92-b14), built on Mar 31 2016 21:08:29 by "java_re" with gcc 4.3.0 20080428 (Red Hat 4.3.0-8)

time: Mon Aug  1 19:24:00 2016
elapsed time: 1323 seconds (0d 0h 22m 3s)

